<?xml version="1.0" encoding="UTF-8"?>
<testng-results ignored="0" total="8" passed="8" failed="0" skipped="0">
  <reporter-output>
  </reporter-output>
  <suite started-at="2025-05-22T01:01:06 IST" name="Default suite" finished-at="2025-05-22T01:02:06 IST" duration-ms="59733">
    <groups>
    </groups>
    <test started-at="2025-05-22T01:01:06 IST" name="Default test" finished-at="2025-05-22T01:02:06 IST" duration-ms="59733">
      <class name="com.propertymonitor.tests.ProjectSearchTest">
        <test-method is-config="true" signature="initializeDriverAndReports()[pri:0, instance:com.propertymonitor.tests.ProjectSearchTest@31f9b85e]" started-at="2025-05-22T01:00:39 IST" name="initializeDriverAndReports" finished-at="2025-05-22T01:01:06 IST" duration-ms="27502" status="PASS">
          <reporter-output>
          </reporter-output>
        </test-method> <!-- initializeDriverAndReports -->
        <test-method is-config="true" signature="setupProjectSearch()[pri:0, instance:com.propertymonitor.tests.ProjectSearchTest@31f9b85e]" started-at="2025-05-22T01:01:17 IST" name="setupProjectSearch" finished-at="2025-05-22T01:01:17 IST" duration-ms="6" status="PASS">
          <reporter-output>
          </reporter-output>
        </test-method> <!-- setupProjectSearch -->
        <test-method is-config="true" signature="startTestLog(java.lang.reflect.Method)[pri:0, instance:com.propertymonitor.tests.ProjectSearchTest@31f9b85e]" started-at="2025-05-22T01:01:17 IST" name="startTestLog" finished-at="2025-05-22T01:01:17 IST" duration-ms="31" status="PASS">
          <params>
            <param index="0">
              <value>
                <![CDATA[public void com.propertymonitor.tests.ProjectSearchTest.testSearchLocationUpdatesProjectCount()]]>
              </value>
            </param>
          </params>
          <reporter-output>
          </reporter-output>
        </test-method> <!-- startTestLog -->
        <test-method signature="testSearchLocationUpdatesProjectCount()[pri:1, instance:com.propertymonitor.tests.ProjectSearchTest@31f9b85e]" started-at="2025-05-22T01:01:17 IST" name="testSearchLocationUpdatesProjectCount" finished-at="2025-05-22T01:01:34 IST" depends-on-methods="com.propertymonitor.tests.LoginPageTest.testValidLoginLandsOnProjectSearch" duration-ms="17308" status="PASS">
          <reporter-output>
          </reporter-output>
        </test-method> <!-- testSearchLocationUpdatesProjectCount -->
        <test-method is-config="true" signature="logTestResult(org.testng.ITestResult)[pri:0, instance:com.propertymonitor.tests.ProjectSearchTest@31f9b85e]" started-at="2025-05-22T01:01:34 IST" name="logTestResult" finished-at="2025-05-22T01:01:34 IST" duration-ms="3" status="PASS">
          <params>
            <param index="0">
              <value>
                <![CDATA[[TestResult name=testSearchLocationUpdatesProjectCount status=SUCCESS method=ProjectSearchTest.testSearchLocationUpdatesProjectCount()[pri:1, instance:com.propertymonitor.tests.ProjectSearchTest@31f9b85e] output={null}]]]>
              </value>
            </param>
          </params>
          <reporter-output>
          </reporter-output>
        </test-method> <!-- logTestResult -->
        <test-method is-config="true" signature="startTestLog(java.lang.reflect.Method)[pri:0, instance:com.propertymonitor.tests.ProjectSearchTest@31f9b85e]" started-at="2025-05-22T01:01:34 IST" name="startTestLog" finished-at="2025-05-22T01:01:34 IST" duration-ms="1" status="PASS">
          <params>
            <param index="0">
              <value>
                <![CDATA[public void com.propertymonitor.tests.ProjectSearchTest.testClearLocationUpdatesProjectCount() throws java.lang.InterruptedException]]>
              </value>
            </param>
          </params>
          <reporter-output>
          </reporter-output>
        </test-method> <!-- startTestLog -->
        <test-method signature="testClearLocationUpdatesProjectCount()[pri:2, instance:com.propertymonitor.tests.ProjectSearchTest@31f9b85e]" started-at="2025-05-22T01:01:34 IST" name="testClearLocationUpdatesProjectCount" finished-at="2025-05-22T01:01:39 IST" depends-on-methods="com.propertymonitor.tests.ProjectSearchTest.testSearchLocationUpdatesProjectCount" duration-ms="5402" status="PASS">
          <reporter-output>
          </reporter-output>
        </test-method> <!-- testClearLocationUpdatesProjectCount -->
        <test-method is-config="true" signature="logTestResult(org.testng.ITestResult)[pri:0, instance:com.propertymonitor.tests.ProjectSearchTest@31f9b85e]" started-at="2025-05-22T01:01:39 IST" name="logTestResult" finished-at="2025-05-22T01:01:39 IST" duration-ms="1" status="PASS">
          <params>
            <param index="0">
              <value>
                <![CDATA[[TestResult name=testClearLocationUpdatesProjectCount status=SUCCESS method=ProjectSearchTest.testClearLocationUpdatesProjectCount()[pri:2, instance:com.propertymonitor.tests.ProjectSearchTest@31f9b85e] output={null}]]]>
              </value>
            </param>
          </params>
          <reporter-output>
          </reporter-output>
        </test-method> <!-- logTestResult -->
        <test-method is-config="true" signature="startTestLog(java.lang.reflect.Method)[pri:0, instance:com.propertymonitor.tests.ProjectSearchTest@31f9b85e]" started-at="2025-05-22T01:01:39 IST" name="startTestLog" finished-at="2025-05-22T01:01:39 IST" duration-ms="2" status="PASS">
          <params>
            <param index="0">
              <value>
                <![CDATA[public void com.propertymonitor.tests.ProjectSearchTest.testSelectApartmentUnitType() throws java.lang.InterruptedException]]>
              </value>
            </param>
          </params>
          <reporter-output>
          </reporter-output>
        </test-method> <!-- startTestLog -->
        <test-method signature="testSelectApartmentUnitType()[pri:3, instance:com.propertymonitor.tests.ProjectSearchTest@31f9b85e]" started-at="2025-05-22T01:01:39 IST" name="testSelectApartmentUnitType" finished-at="2025-05-22T01:01:48 IST" depends-on-methods="com.propertymonitor.tests.ProjectSearchTest.testClearLocationUpdatesProjectCount" duration-ms="8703" status="PASS">
          <reporter-output>
          </reporter-output>
        </test-method> <!-- testSelectApartmentUnitType -->
        <test-method is-config="true" signature="logTestResult(org.testng.ITestResult)[pri:0, instance:com.propertymonitor.tests.ProjectSearchTest@31f9b85e]" started-at="2025-05-22T01:01:48 IST" name="logTestResult" finished-at="2025-05-22T01:01:48 IST" duration-ms="1" status="PASS">
          <params>
            <param index="0">
              <value>
                <![CDATA[[TestResult name=testSelectApartmentUnitType status=SUCCESS method=ProjectSearchTest.testSelectApartmentUnitType()[pri:3, instance:com.propertymonitor.tests.ProjectSearchTest@31f9b85e] output={null}]]]>
              </value>
            </param>
          </params>
          <reporter-output>
          </reporter-output>
        </test-method> <!-- logTestResult -->
        <test-method is-config="true" signature="startTestLog(java.lang.reflect.Method)[pri:0, instance:com.propertymonitor.tests.ProjectSearchTest@31f9b85e]" started-at="2025-05-22T01:01:48 IST" name="startTestLog" finished-at="2025-05-22T01:01:48 IST" duration-ms="1" status="PASS">
          <params>
            <param index="0">
              <value>
                <![CDATA[public void com.propertymonitor.tests.ProjectSearchTest.testUnselectApartmentUnitType() throws java.lang.InterruptedException]]>
              </value>
            </param>
          </params>
          <reporter-output>
          </reporter-output>
        </test-method> <!-- startTestLog -->
        <test-method signature="testUnselectApartmentUnitType()[pri:4, instance:com.propertymonitor.tests.ProjectSearchTest@31f9b85e]" started-at="2025-05-22T01:01:48 IST" name="testUnselectApartmentUnitType" finished-at="2025-05-22T01:01:55 IST" depends-on-methods="com.propertymonitor.tests.ProjectSearchTest.testSelectApartmentUnitType" duration-ms="6502" status="PASS">
          <reporter-output>
          </reporter-output>
        </test-method> <!-- testUnselectApartmentUnitType -->
        <test-method is-config="true" signature="logTestResult(org.testng.ITestResult)[pri:0, instance:com.propertymonitor.tests.ProjectSearchTest@31f9b85e]" started-at="2025-05-22T01:01:55 IST" name="logTestResult" finished-at="2025-05-22T01:01:55 IST" duration-ms="2" status="PASS">
          <params>
            <param index="0">
              <value>
                <![CDATA[[TestResult name=testUnselectApartmentUnitType status=SUCCESS method=ProjectSearchTest.testUnselectApartmentUnitType()[pri:4, instance:com.propertymonitor.tests.ProjectSearchTest@31f9b85e] output={null}]]]>
              </value>
            </param>
          </params>
          <reporter-output>
          </reporter-output>
        </test-method> <!-- logTestResult -->
        <test-method is-config="true" signature="startTestLog(java.lang.reflect.Method)[pri:0, instance:com.propertymonitor.tests.ProjectSearchTest@31f9b85e]" started-at="2025-05-22T01:01:55 IST" name="startTestLog" finished-at="2025-05-22T01:01:55 IST" duration-ms="3" status="PASS">
          <params>
            <param index="0">
              <value>
                <![CDATA[public void com.propertymonitor.tests.ProjectSearchTest.testUncheckUpcomingSaleStatus() throws java.lang.InterruptedException]]>
              </value>
            </param>
          </params>
          <reporter-output>
          </reporter-output>
        </test-method> <!-- startTestLog -->
        <test-method signature="testUncheckUpcomingSaleStatus()[pri:5, instance:com.propertymonitor.tests.ProjectSearchTest@31f9b85e]" started-at="2025-05-22T01:01:55 IST" name="testUncheckUpcomingSaleStatus" finished-at="2025-05-22T01:02:02 IST" depends-on-methods="com.propertymonitor.tests.ProjectSearchTest.testUnselectApartmentUnitType" duration-ms="7257" status="PASS">
          <reporter-output>
          </reporter-output>
        </test-method> <!-- testUncheckUpcomingSaleStatus -->
        <test-method is-config="true" signature="logTestResult(org.testng.ITestResult)[pri:0, instance:com.propertymonitor.tests.ProjectSearchTest@31f9b85e]" started-at="2025-05-22T01:02:02 IST" name="logTestResult" finished-at="2025-05-22T01:02:02 IST" duration-ms="3" status="PASS">
          <params>
            <param index="0">
              <value>
                <![CDATA[[TestResult name=testUncheckUpcomingSaleStatus status=SUCCESS method=ProjectSearchTest.testUncheckUpcomingSaleStatus()[pri:5, instance:com.propertymonitor.tests.ProjectSearchTest@31f9b85e] output={null}]]]>
              </value>
            </param>
          </params>
          <reporter-output>
          </reporter-output>
        </test-method> <!-- logTestResult -->
        <test-method is-config="true" signature="startTestLog(java.lang.reflect.Method)[pri:0, instance:com.propertymonitor.tests.ProjectSearchTest@31f9b85e]" started-at="2025-05-22T01:02:02 IST" name="startTestLog" finished-at="2025-05-22T01:02:02 IST" duration-ms="2" status="PASS">
          <params>
            <param index="0">
              <value>
                <![CDATA[public void com.propertymonitor.tests.ProjectSearchTest.testSelectUpcomingSaleStatus()]]>
              </value>
            </param>
          </params>
          <reporter-output>
          </reporter-output>
        </test-method> <!-- startTestLog -->
        <test-method signature="testSelectUpcomingSaleStatus()[pri:6, instance:com.propertymonitor.tests.ProjectSearchTest@31f9b85e]" started-at="2025-05-22T01:02:02 IST" name="testSelectUpcomingSaleStatus" finished-at="2025-05-22T01:02:06 IST" depends-on-methods="com.propertymonitor.tests.ProjectSearchTest.testUncheckUpcomingSaleStatus" duration-ms="3937" status="PASS">
          <reporter-output>
          </reporter-output>
        </test-method> <!-- testSelectUpcomingSaleStatus -->
        <test-method is-config="true" signature="logTestResult(org.testng.ITestResult)[pri:0, instance:com.propertymonitor.tests.ProjectSearchTest@31f9b85e]" started-at="2025-05-22T01:02:06 IST" name="logTestResult" finished-at="2025-05-22T01:02:06 IST" duration-ms="1" status="PASS">
          <params>
            <param index="0">
              <value>
                <![CDATA[[TestResult name=testSelectUpcomingSaleStatus status=SUCCESS method=ProjectSearchTest.testSelectUpcomingSaleStatus()[pri:6, instance:com.propertymonitor.tests.ProjectSearchTest@31f9b85e] output={null}]]]>
              </value>
            </param>
          </params>
          <reporter-output>
          </reporter-output>
        </test-method> <!-- logTestResult -->
        <test-method is-config="true" signature="quitDriverFlushReportsUploadAndEmail()[pri:0, instance:com.propertymonitor.tests.ProjectSearchTest@31f9b85e]" started-at="2025-05-22T01:02:06 IST" name="quitDriverFlushReportsUploadAndEmail" finished-at="2025-05-22T01:02:09 IST" duration-ms="3117" status="PASS">
          <reporter-output>
          </reporter-output>
        </test-method> <!-- quitDriverFlushReportsUploadAndEmail -->
      </class> <!-- com.propertymonitor.tests.ProjectSearchTest -->
      <class name="com.propertymonitor.tests.LoginPageTest">
        <test-method is-config="true" signature="setup()[pri:0, instance:com.propertymonitor.tests.LoginPageTest@ba54932]" started-at="2025-05-22T01:01:06 IST" name="setup" finished-at="2025-05-22T01:01:16 IST" duration-ms="9577" status="PASS">
          <reporter-output>
          </reporter-output>
        </test-method> <!-- setup -->
        <test-method is-config="true" signature="startExtent(java.lang.reflect.Method)[pri:0, instance:com.propertymonitor.tests.LoginPageTest@ba54932]" started-at="2025-05-22T01:01:16 IST" name="startExtent" finished-at="2025-05-22T01:01:16 IST" duration-ms="244" status="PASS">
          <params>
            <param index="0">
              <value>
                <![CDATA[public void com.propertymonitor.tests.LoginPageTest.testValidLoginLandsOnProjectSearch()]]>
              </value>
            </param>
          </params>
          <reporter-output>
          </reporter-output>
        </test-method> <!-- startExtent -->
        <test-method signature="testValidLoginLandsOnProjectSearch()[pri:1, instance:com.propertymonitor.tests.LoginPageTest@ba54932]" started-at="2025-05-22T01:01:16 IST" name="testValidLoginLandsOnProjectSearch" finished-at="2025-05-22T01:01:16 IST" duration-ms="155" status="PASS">
          <reporter-output>
          </reporter-output>
        </test-method> <!-- testValidLoginLandsOnProjectSearch -->
        <test-method is-config="true" signature="captureResult(org.testng.ITestResult)[pri:0, instance:com.propertymonitor.tests.LoginPageTest@ba54932]" started-at="2025-05-22T01:01:16 IST" name="captureResult" finished-at="2025-05-22T01:01:16 IST" duration-ms="9" status="PASS">
          <params>
            <param index="0">
              <value>
                <![CDATA[[TestResult name=testValidLoginLandsOnProjectSearch status=SUCCESS method=LoginPageTest.testValidLoginLandsOnProjectSearch()[pri:1, instance:com.propertymonitor.tests.LoginPageTest@ba54932] output={null}]]]>
              </value>
            </param>
          </params>
          <reporter-output>
          </reporter-output>
        </test-method> <!-- captureResult -->
        <test-method is-config="true" signature="startExtent(java.lang.reflect.Method)[pri:0, instance:com.propertymonitor.tests.LoginPageTest@ba54932]" started-at="2025-05-22T01:02:06 IST" name="startExtent" finished-at="2025-05-22T01:02:06 IST" duration-ms="2" status="PASS">
          <params>
            <param index="0">
              <value>
                <![CDATA[public void com.propertymonitor.tests.LoginPageTest.verifyProjectSearchUrlLoaded()]]>
              </value>
            </param>
          </params>
          <reporter-output>
          </reporter-output>
        </test-method> <!-- startExtent -->
        <test-method signature="verifyProjectSearchUrlLoaded()[pri:2, instance:com.propertymonitor.tests.LoginPageTest@ba54932]" started-at="2025-05-22T01:02:06 IST" name="verifyProjectSearchUrlLoaded" finished-at="2025-05-22T01:02:06 IST" duration-ms="11" status="PASS">
          <reporter-output>
          </reporter-output>
        </test-method> <!-- verifyProjectSearchUrlLoaded -->
        <test-method is-config="true" signature="captureResult(org.testng.ITestResult)[pri:0, instance:com.propertymonitor.tests.LoginPageTest@ba54932]" started-at="2025-05-22T01:02:06 IST" name="captureResult" finished-at="2025-05-22T01:02:06 IST" duration-ms="2" status="PASS">
          <params>
            <param index="0">
              <value>
                <![CDATA[[TestResult name=verifyProjectSearchUrlLoaded status=SUCCESS method=LoginPageTest.verifyProjectSearchUrlLoaded()[pri:2, instance:com.propertymonitor.tests.LoginPageTest@ba54932] output={null}]]]>
              </value>
            </param>
          </params>
          <reporter-output>
          </reporter-output>
        </test-method> <!-- captureResult -->
      </class> <!-- com.propertymonitor.tests.LoginPageTest -->
    </test> <!-- Default test -->
  </suite> <!-- Default suite -->
</testng-results>
