<?xml version="1.0" encoding="UTF-8"?>
<testng-results ignored="0" total="8" passed="8" failed="0" skipped="0">
  <reporter-output>
  </reporter-output>
  <suite started-at="2025-05-22T21:49:58 IST" name="PropertyMonitorSuite" finished-at="2025-05-22T21:50:40 IST" duration-ms="42174">
    <groups>
    </groups>
    <test started-at="2025-05-22T21:49:58 IST" name="Regression Tests" finished-at="2025-05-22T21:50:40 IST" duration-ms="42174">
      <class name="com.propertymonitor.tests.ProjectSearchTest">
        <test-method is-config="true" signature="setupProjectSearch()[pri:0, instance:com.propertymonitor.tests.ProjectSearchTest@587e5365]" started-at="2025-05-22T21:50:03 IST" name="setupProjectSearch" finished-at="2025-05-22T21:50:03 IST" duration-ms="4" status="PASS">
          <reporter-output>
          </reporter-output>
        </test-method> <!-- setupProjectSearch -->
        <test-method is-config="true" signature="startTestLog(java.lang.reflect.Method)[pri:0, instance:com.propertymonitor.tests.ProjectSearchTest@587e5365]" started-at="2025-05-22T21:50:03 IST" name="startTestLog" finished-at="2025-05-22T21:50:03 IST" duration-ms="21" status="PASS">
          <params>
            <param index="0">
              <value>
                <![CDATA[public void com.propertymonitor.tests.ProjectSearchTest.testSearchLocationUpdatesProjectCount()]]>
              </value>
            </param>
          </params>
          <reporter-output>
          </reporter-output>
        </test-method> <!-- startTestLog -->
        <test-method signature="testSearchLocationUpdatesProjectCount()[pri:1, instance:com.propertymonitor.tests.ProjectSearchTest@587e5365]" started-at="2025-05-22T21:50:03 IST" name="testSearchLocationUpdatesProjectCount" finished-at="2025-05-22T21:50:14 IST" depends-on-methods="com.propertymonitor.tests.LoginPageTest.testValidLoginLandsOnProjectSearch" duration-ms="10711" status="PASS">
          <reporter-output>
          </reporter-output>
        </test-method> <!-- testSearchLocationUpdatesProjectCount -->
        <test-method is-config="true" signature="logTestResult(org.testng.ITestResult)[pri:0, instance:com.propertymonitor.tests.ProjectSearchTest@587e5365]" started-at="2025-05-22T21:50:14 IST" name="logTestResult" finished-at="2025-05-22T21:50:14 IST" duration-ms="2" status="PASS">
          <params>
            <param index="0">
              <value>
                <![CDATA[[TestResult name=testSearchLocationUpdatesProjectCount status=SUCCESS method=ProjectSearchTest.testSearchLocationUpdatesProjectCount()[pri:1, instance:com.propertymonitor.tests.ProjectSearchTest@587e5365] output={null}]]]>
              </value>
            </param>
          </params>
          <reporter-output>
          </reporter-output>
        </test-method> <!-- logTestResult -->
        <test-method is-config="true" signature="startTestLog(java.lang.reflect.Method)[pri:0, instance:com.propertymonitor.tests.ProjectSearchTest@587e5365]" started-at="2025-05-22T21:50:14 IST" name="startTestLog" finished-at="2025-05-22T21:50:14 IST" duration-ms="1" status="PASS">
          <params>
            <param index="0">
              <value>
                <![CDATA[public void com.propertymonitor.tests.ProjectSearchTest.testClearLocationUpdatesProjectCount() throws java.lang.InterruptedException]]>
              </value>
            </param>
          </params>
          <reporter-output>
          </reporter-output>
        </test-method> <!-- startTestLog -->
        <test-method signature="testClearLocationUpdatesProjectCount()[pri:2, instance:com.propertymonitor.tests.ProjectSearchTest@587e5365]" started-at="2025-05-22T21:50:14 IST" name="testClearLocationUpdatesProjectCount" finished-at="2025-05-22T21:50:20 IST" depends-on-methods="com.propertymonitor.tests.ProjectSearchTest.testSearchLocationUpdatesProjectCount" duration-ms="5958" status="PASS">
          <reporter-output>
          </reporter-output>
        </test-method> <!-- testClearLocationUpdatesProjectCount -->
        <test-method is-config="true" signature="logTestResult(org.testng.ITestResult)[pri:0, instance:com.propertymonitor.tests.ProjectSearchTest@587e5365]" started-at="2025-05-22T21:50:20 IST" name="logTestResult" finished-at="2025-05-22T21:50:20 IST" duration-ms="1" status="PASS">
          <params>
            <param index="0">
              <value>
                <![CDATA[[TestResult name=testClearLocationUpdatesProjectCount status=SUCCESS method=ProjectSearchTest.testClearLocationUpdatesProjectCount()[pri:2, instance:com.propertymonitor.tests.ProjectSearchTest@587e5365] output={null}]]]>
              </value>
            </param>
          </params>
          <reporter-output>
          </reporter-output>
        </test-method> <!-- logTestResult -->
        <test-method is-config="true" signature="startTestLog(java.lang.reflect.Method)[pri:0, instance:com.propertymonitor.tests.ProjectSearchTest@587e5365]" started-at="2025-05-22T21:50:20 IST" name="startTestLog" finished-at="2025-05-22T21:50:20 IST" duration-ms="1" status="PASS">
          <params>
            <param index="0">
              <value>
                <![CDATA[public void com.propertymonitor.tests.ProjectSearchTest.testSelectApartmentUnitType() throws java.lang.InterruptedException]]>
              </value>
            </param>
          </params>
          <reporter-output>
          </reporter-output>
        </test-method> <!-- startTestLog -->
        <test-method signature="testSelectApartmentUnitType()[pri:3, instance:com.propertymonitor.tests.ProjectSearchTest@587e5365]" started-at="2025-05-22T21:50:20 IST" name="testSelectApartmentUnitType" finished-at="2025-05-22T21:50:27 IST" depends-on-methods="com.propertymonitor.tests.ProjectSearchTest.testClearLocationUpdatesProjectCount" duration-ms="6861" status="PASS">
          <reporter-output>
          </reporter-output>
        </test-method> <!-- testSelectApartmentUnitType -->
        <test-method is-config="true" signature="logTestResult(org.testng.ITestResult)[pri:0, instance:com.propertymonitor.tests.ProjectSearchTest@587e5365]" started-at="2025-05-22T21:50:27 IST" name="logTestResult" finished-at="2025-05-22T21:50:27 IST" duration-ms="1" status="PASS">
          <params>
            <param index="0">
              <value>
                <![CDATA[[TestResult name=testSelectApartmentUnitType status=SUCCESS method=ProjectSearchTest.testSelectApartmentUnitType()[pri:3, instance:com.propertymonitor.tests.ProjectSearchTest@587e5365] output={null}]]]>
              </value>
            </param>
          </params>
          <reporter-output>
          </reporter-output>
        </test-method> <!-- logTestResult -->
        <test-method is-config="true" signature="startTestLog(java.lang.reflect.Method)[pri:0, instance:com.propertymonitor.tests.ProjectSearchTest@587e5365]" started-at="2025-05-22T21:50:27 IST" name="startTestLog" finished-at="2025-05-22T21:50:27 IST" duration-ms="1" status="PASS">
          <params>
            <param index="0">
              <value>
                <![CDATA[public void com.propertymonitor.tests.ProjectSearchTest.testUnselectApartmentUnitType() throws java.lang.InterruptedException]]>
              </value>
            </param>
          </params>
          <reporter-output>
          </reporter-output>
        </test-method> <!-- startTestLog -->
        <test-method signature="testUnselectApartmentUnitType()[pri:4, instance:com.propertymonitor.tests.ProjectSearchTest@587e5365]" started-at="2025-05-22T21:50:27 IST" name="testUnselectApartmentUnitType" finished-at="2025-05-22T21:50:32 IST" depends-on-methods="com.propertymonitor.tests.ProjectSearchTest.testSelectApartmentUnitType" duration-ms="5002" status="PASS">
          <reporter-output>
          </reporter-output>
        </test-method> <!-- testUnselectApartmentUnitType -->
        <test-method is-config="true" signature="logTestResult(org.testng.ITestResult)[pri:0, instance:com.propertymonitor.tests.ProjectSearchTest@587e5365]" started-at="2025-05-22T21:50:32 IST" name="logTestResult" finished-at="2025-05-22T21:50:32 IST" duration-ms="1" status="PASS">
          <params>
            <param index="0">
              <value>
                <![CDATA[[TestResult name=testUnselectApartmentUnitType status=SUCCESS method=ProjectSearchTest.testUnselectApartmentUnitType()[pri:4, instance:com.propertymonitor.tests.ProjectSearchTest@587e5365] output={null}]]]>
              </value>
            </param>
          </params>
          <reporter-output>
          </reporter-output>
        </test-method> <!-- logTestResult -->
        <test-method is-config="true" signature="startTestLog(java.lang.reflect.Method)[pri:0, instance:com.propertymonitor.tests.ProjectSearchTest@587e5365]" started-at="2025-05-22T21:50:32 IST" name="startTestLog" finished-at="2025-05-22T21:50:32 IST" duration-ms="1" status="PASS">
          <params>
            <param index="0">
              <value>
                <![CDATA[public void com.propertymonitor.tests.ProjectSearchTest.testUncheckUpcomingSaleStatus() throws java.lang.InterruptedException]]>
              </value>
            </param>
          </params>
          <reporter-output>
          </reporter-output>
        </test-method> <!-- startTestLog -->
        <test-method signature="testUncheckUpcomingSaleStatus()[pri:5, instance:com.propertymonitor.tests.ProjectSearchTest@587e5365]" started-at="2025-05-22T21:50:32 IST" name="testUncheckUpcomingSaleStatus" finished-at="2025-05-22T21:50:37 IST" depends-on-methods="com.propertymonitor.tests.ProjectSearchTest.testUnselectApartmentUnitType" duration-ms="5549" status="PASS">
          <reporter-output>
          </reporter-output>
        </test-method> <!-- testUncheckUpcomingSaleStatus -->
        <test-method is-config="true" signature="logTestResult(org.testng.ITestResult)[pri:0, instance:com.propertymonitor.tests.ProjectSearchTest@587e5365]" started-at="2025-05-22T21:50:37 IST" name="logTestResult" finished-at="2025-05-22T21:50:37 IST" duration-ms="3" status="PASS">
          <params>
            <param index="0">
              <value>
                <![CDATA[[TestResult name=testUncheckUpcomingSaleStatus status=SUCCESS method=ProjectSearchTest.testUncheckUpcomingSaleStatus()[pri:5, instance:com.propertymonitor.tests.ProjectSearchTest@587e5365] output={null}]]]>
              </value>
            </param>
          </params>
          <reporter-output>
          </reporter-output>
        </test-method> <!-- logTestResult -->
        <test-method is-config="true" signature="startTestLog(java.lang.reflect.Method)[pri:0, instance:com.propertymonitor.tests.ProjectSearchTest@587e5365]" started-at="2025-05-22T21:50:37 IST" name="startTestLog" finished-at="2025-05-22T21:50:37 IST" duration-ms="1" status="PASS">
          <params>
            <param index="0">
              <value>
                <![CDATA[public void com.propertymonitor.tests.ProjectSearchTest.testSelectUpcomingSaleStatus()]]>
              </value>
            </param>
          </params>
          <reporter-output>
          </reporter-output>
        </test-method> <!-- startTestLog -->
        <test-method signature="testSelectUpcomingSaleStatus()[pri:6, instance:com.propertymonitor.tests.ProjectSearchTest@587e5365]" started-at="2025-05-22T21:50:37 IST" name="testSelectUpcomingSaleStatus" finished-at="2025-05-22T21:50:40 IST" depends-on-methods="com.propertymonitor.tests.ProjectSearchTest.testUncheckUpcomingSaleStatus" duration-ms="2702" status="PASS">
          <reporter-output>
          </reporter-output>
        </test-method> <!-- testSelectUpcomingSaleStatus -->
        <test-method is-config="true" signature="logTestResult(org.testng.ITestResult)[pri:0, instance:com.propertymonitor.tests.ProjectSearchTest@587e5365]" started-at="2025-05-22T21:50:40 IST" name="logTestResult" finished-at="2025-05-22T21:50:40 IST" duration-ms="2" status="PASS">
          <params>
            <param index="0">
              <value>
                <![CDATA[[TestResult name=testSelectUpcomingSaleStatus status=SUCCESS method=ProjectSearchTest.testSelectUpcomingSaleStatus()[pri:6, instance:com.propertymonitor.tests.ProjectSearchTest@587e5365] output={null}]]]>
              </value>
            </param>
          </params>
          <reporter-output>
          </reporter-output>
        </test-method> <!-- logTestResult -->
      </class> <!-- com.propertymonitor.tests.ProjectSearchTest -->
      <class name="com.propertymonitor.tests.LoginPageTest">
        <test-method is-config="true" signature="initializeDriverAndReports()[pri:0, instance:com.propertymonitor.tests.LoginPageTest@2002fc1d]" started-at="2025-05-22T21:49:39 IST" name="initializeDriverAndReports" finished-at="2025-05-22T21:49:58 IST" duration-ms="19209" status="PASS">
          <reporter-output>
          </reporter-output>
        </test-method> <!-- initializeDriverAndReports -->
        <test-method is-config="true" signature="setup()[pri:0, instance:com.propertymonitor.tests.LoginPageTest@2002fc1d]" started-at="2025-05-22T21:49:58 IST" name="setup" finished-at="2025-05-22T21:50:03 IST" duration-ms="4739" status="PASS">
          <reporter-output>
          </reporter-output>
        </test-method> <!-- setup -->
        <test-method is-config="true" signature="startExtent(java.lang.reflect.Method)[pri:0, instance:com.propertymonitor.tests.LoginPageTest@2002fc1d]" started-at="2025-05-22T21:50:03 IST" name="startExtent" finished-at="2025-05-22T21:50:03 IST" duration-ms="54" status="PASS">
          <params>
            <param index="0">
              <value>
                <![CDATA[public void com.propertymonitor.tests.LoginPageTest.testValidLoginLandsOnProjectSearch()]]>
              </value>
            </param>
          </params>
          <reporter-output>
          </reporter-output>
        </test-method> <!-- startExtent -->
        <test-method signature="testValidLoginLandsOnProjectSearch()[pri:1, instance:com.propertymonitor.tests.LoginPageTest@2002fc1d]" started-at="2025-05-22T21:50:03 IST" name="testValidLoginLandsOnProjectSearch" finished-at="2025-05-22T21:50:03 IST" duration-ms="305" status="PASS">
          <reporter-output>
          </reporter-output>
        </test-method> <!-- testValidLoginLandsOnProjectSearch -->
        <test-method is-config="true" signature="captureResult(org.testng.ITestResult)[pri:0, instance:com.propertymonitor.tests.LoginPageTest@2002fc1d]" started-at="2025-05-22T21:50:03 IST" name="captureResult" finished-at="2025-05-22T21:50:03 IST" duration-ms="4" status="PASS">
          <params>
            <param index="0">
              <value>
                <![CDATA[[TestResult name=testValidLoginLandsOnProjectSearch status=SUCCESS method=LoginPageTest.testValidLoginLandsOnProjectSearch()[pri:1, instance:com.propertymonitor.tests.LoginPageTest@2002fc1d] output={null}]]]>
              </value>
            </param>
          </params>
          <reporter-output>
          </reporter-output>
        </test-method> <!-- captureResult -->
        <test-method is-config="true" signature="startExtent(java.lang.reflect.Method)[pri:0, instance:com.propertymonitor.tests.LoginPageTest@2002fc1d]" started-at="2025-05-22T21:50:03 IST" name="startExtent" finished-at="2025-05-22T21:50:03 IST" duration-ms="3" status="PASS">
          <params>
            <param index="0">
              <value>
                <![CDATA[public void com.propertymonitor.tests.LoginPageTest.verifyProjectSearchUrlLoaded()]]>
              </value>
            </param>
          </params>
          <reporter-output>
          </reporter-output>
        </test-method> <!-- startExtent -->
        <test-method signature="verifyProjectSearchUrlLoaded()[pri:2, instance:com.propertymonitor.tests.LoginPageTest@2002fc1d]" started-at="2025-05-22T21:50:03 IST" name="verifyProjectSearchUrlLoaded" finished-at="2025-05-22T21:50:03 IST" duration-ms="13" status="PASS">
          <reporter-output>
          </reporter-output>
        </test-method> <!-- verifyProjectSearchUrlLoaded -->
        <test-method is-config="true" signature="captureResult(org.testng.ITestResult)[pri:0, instance:com.propertymonitor.tests.LoginPageTest@2002fc1d]" started-at="2025-05-22T21:50:03 IST" name="captureResult" finished-at="2025-05-22T21:50:03 IST" duration-ms="1" status="PASS">
          <params>
            <param index="0">
              <value>
                <![CDATA[[TestResult name=verifyProjectSearchUrlLoaded status=SUCCESS method=LoginPageTest.verifyProjectSearchUrlLoaded()[pri:2, instance:com.propertymonitor.tests.LoginPageTest@2002fc1d] output={null}]]]>
              </value>
            </param>
          </params>
          <reporter-output>
          </reporter-output>
        </test-method> <!-- captureResult -->
        <test-method is-config="true" signature="quitDriverFlushReportsUploadAndEmail()[pri:0, instance:com.propertymonitor.tests.LoginPageTest@2002fc1d]" started-at="2025-05-22T21:50:40 IST" name="quitDriverFlushReportsUploadAndEmail" finished-at="2025-05-22T21:50:50 IST" duration-ms="10111" status="PASS">
          <reporter-output>
          </reporter-output>
        </test-method> <!-- quitDriverFlushReportsUploadAndEmail -->
      </class> <!-- com.propertymonitor.tests.LoginPageTest -->
    </test> <!-- Regression Tests -->
  </suite> <!-- PropertyMonitorSuite -->
</testng-results>
